2019-06-18 7:47:02 - PHP Notice:  Undefined index: USD in C:\xampp\htdocs\one_cellular\system\library\cart\currency.php on line 25
2019-06-18 7:47:02 - PHP Notice:  Undefined index: USD in C:\xampp\htdocs\one_cellular\system\library\cart\currency.php on line 26
2019-06-18 7:47:02 - PHP Notice:  Undefined index: USD in C:\xampp\htdocs\one_cellular\system\library\cart\currency.php on line 27
2019-06-18 7:47:02 - PHP Notice:  Undefined index: USD in C:\xampp\htdocs\one_cellular\system\library\cart\currency.php on line 25
2019-06-18 7:47:02 - PHP Notice:  Undefined index: USD in C:\xampp\htdocs\one_cellular\system\library\cart\currency.php on line 26
2019-06-18 7:47:02 - PHP Notice:  Undefined index: USD in C:\xampp\htdocs\one_cellular\system\library\cart\currency.php on line 27
2019-06-18 7:47:04 - PHP Notice:  Undefined index: USD in C:\xampp\htdocs\one_cellular\system\library\cart\currency.php on line 25
2019-06-18 7:47:04 - PHP Notice:  Undefined index: USD in C:\xampp\htdocs\one_cellular\system\library\cart\currency.php on line 26
2019-06-18 7:47:04 - PHP Notice:  Undefined index: USD in C:\xampp\htdocs\one_cellular\system\library\cart\currency.php on line 27
2019-06-18 7:47:04 - PHP Notice:  Undefined index: USD in C:\xampp\htdocs\one_cellular\system\library\cart\currency.php on line 30
2019-06-18 7:47:54 - PHP Notice:  Undefined index: USD in C:\xampp\htdocs\one_cellular\system\library\cart\currency.php on line 25
2019-06-18 7:47:54 - PHP Notice:  Undefined index: USD in C:\xampp\htdocs\one_cellular\system\library\cart\currency.php on line 26
2019-06-18 7:47:54 - PHP Notice:  Undefined index: USD in C:\xampp\htdocs\one_cellular\system\library\cart\currency.php on line 27
2019-06-18 7:47:54 - PHP Notice:  Undefined index: USD in C:\xampp\htdocs\one_cellular\system\library\cart\currency.php on line 25
2019-06-18 7:47:54 - PHP Notice:  Undefined index: USD in C:\xampp\htdocs\one_cellular\system\library\cart\currency.php on line 26
2019-06-18 7:47:54 - PHP Notice:  Undefined index: USD in C:\xampp\htdocs\one_cellular\system\library\cart\currency.php on line 27
2019-06-18 7:47:55 - PHP Notice:  Undefined index: USD in C:\xampp\htdocs\one_cellular\system\library\cart\currency.php on line 25
2019-06-18 7:47:55 - PHP Notice:  Undefined index: USD in C:\xampp\htdocs\one_cellular\system\library\cart\currency.php on line 26
2019-06-18 7:47:55 - PHP Notice:  Undefined index: USD in C:\xampp\htdocs\one_cellular\system\library\cart\currency.php on line 27
2019-06-18 7:47:55 - PHP Notice:  Undefined index: USD in C:\xampp\htdocs\one_cellular\system\library\cart\currency.php on line 30
2019-06-18 9:22:14 - PHP Notice:  Undefined index: g-recaptcha-response in C:\xampp\htdocs\one_cellular\catalog\controller\captcha\google_captcha.php on line 26
2019-06-18 9:22:14 - PHP Warning:  file_get_contents(): php_network_getaddresses: getaddrinfo failed: No such host is known.  in C:\xampp\htdocs\one_cellular\catalog\controller\captcha\google_captcha.php on line 26
2019-06-18 9:22:14 - PHP Warning:  file_get_contents(https://www.google.com/recaptcha/api/siteverify?secret=6LcTyAYTAAAAAFh2-uDzQ_2N-npBtZS1oZbXe31z&amp;response=&amp;remoteip=::1): failed to open stream: php_network_getaddresses: getaddrinfo failed: No such host is known.  in C:\xampp\htdocs\one_cellular\catalog\controller\captcha\google_captcha.php on line 26
2019-06-18 9:23:16 - PHP Notice:  Undefined index: g-recaptcha-response in C:\xampp\htdocs\one_cellular\catalog\controller\captcha\google_captcha.php on line 26
2019-06-18 9:23:16 - PHP Warning:  file_get_contents(): php_network_getaddresses: getaddrinfo failed: No such host is known.  in C:\xampp\htdocs\one_cellular\catalog\controller\captcha\google_captcha.php on line 26
2019-06-18 9:23:16 - PHP Warning:  file_get_contents(https://www.google.com/recaptcha/api/siteverify?secret=6LcTyAYTAAAAAFh2-uDzQ_2N-npBtZS1oZbXe31z&amp;response=&amp;remoteip=::1): failed to open stream: php_network_getaddresses: getaddrinfo failed: No such host is known.  in C:\xampp\htdocs\one_cellular\catalog\controller\captcha\google_captcha.php on line 26
2019-06-18 9:23:28 - PHP Notice:  Undefined index: g-recaptcha-response in C:\xampp\htdocs\one_cellular\catalog\controller\captcha\google_captcha.php on line 26
2019-06-18 9:23:28 - PHP Warning:  file_get_contents(): php_network_getaddresses: getaddrinfo failed: No such host is known.  in C:\xampp\htdocs\one_cellular\catalog\controller\captcha\google_captcha.php on line 26
2019-06-18 9:23:28 - PHP Warning:  file_get_contents(https://www.google.com/recaptcha/api/siteverify?secret=6LcTyAYTAAAAAFh2-uDzQ_2N-npBtZS1oZbXe31z&amp;response=&amp;remoteip=::1): failed to open stream: php_network_getaddresses: getaddrinfo failed: No such host is known.  in C:\xampp\htdocs\one_cellular\catalog\controller\captcha\google_captcha.php on line 26
2019-06-18 9:24:18 - PHP Notice:  Undefined index: g-recaptcha-response in C:\xampp\htdocs\one_cellular\catalog\controller\captcha\google_captcha.php on line 26
2019-06-18 9:24:18 - PHP Warning:  file_get_contents(): php_network_getaddresses: getaddrinfo failed: No such host is known.  in C:\xampp\htdocs\one_cellular\catalog\controller\captcha\google_captcha.php on line 26
2019-06-18 9:24:18 - PHP Warning:  file_get_contents(https://www.google.com/recaptcha/api/siteverify?secret=6LcTyAYTAAAAAFh2-uDzQ_2N-npBtZS1oZbXe31z&amp;response=&amp;remoteip=::1): failed to open stream: php_network_getaddresses: getaddrinfo failed: No such host is known.  in C:\xampp\htdocs\one_cellular\catalog\controller\captcha\google_captcha.php on line 26
2019-06-18 9:40:54 - PHP Notice:  Undefined index: g-recaptcha-response in C:\xampp\htdocs\one_cellular\catalog\controller\captcha\google_captcha.php on line 26
2019-06-18 9:40:54 - PHP Warning:  file_get_contents(): php_network_getaddresses: getaddrinfo failed: No such host is known.  in C:\xampp\htdocs\one_cellular\catalog\controller\captcha\google_captcha.php on line 26
2019-06-18 9:40:54 - PHP Warning:  file_get_contents(https://www.google.com/recaptcha/api/siteverify?secret=6LcTyAYTAAAAAFh2-uDzQ_2N-npBtZS1oZbXe31z&amp;response=&amp;remoteip=::1): failed to open stream: php_network_getaddresses: getaddrinfo failed: No such host is known.  in C:\xampp\htdocs\one_cellular\catalog\controller\captcha\google_captcha.php on line 26
2019-06-18 9:42:22 - PHP Notice:  Undefined index: g-recaptcha-response in C:\xampp\htdocs\one_cellular\catalog\controller\captcha\google_captcha.php on line 26
2019-06-18 9:42:22 - PHP Warning:  file_get_contents(): php_network_getaddresses: getaddrinfo failed: No such host is known.  in C:\xampp\htdocs\one_cellular\catalog\controller\captcha\google_captcha.php on line 26
2019-06-18 9:42:22 - PHP Warning:  file_get_contents(https://www.google.com/recaptcha/api/siteverify?secret=6LcTyAYTAAAAAFh2-uDzQ_2N-npBtZS1oZbXe31z&amp;response=&amp;remoteip=::1): failed to open stream: php_network_getaddresses: getaddrinfo failed: No such host is known.  in C:\xampp\htdocs\one_cellular\catalog\controller\captcha\google_captcha.php on line 26
2019-06-18 9:42:22 - PHP Notice:  Undefined variable: captcha in C:\xampp\htdocs\one_cellular\catalog\view\theme\default\template\account\register.tpl on line 508
2019-06-18 10:08:47 - PHP Notice:  Undefined index: g-recaptcha-response in C:\xampp\htdocs\one_cellular\catalog\controller\captcha\google_captcha.php on line 26
2019-06-18 10:14:01 - PHP Notice:  Undefined index: g-recaptcha-response in C:\xampp\htdocs\one_cellular\catalog\controller\captcha\google_captcha.php on line 26
2019-06-18 13:29:13 - PHP Notice:  Undefined variable: captcha in C:\xampp\htdocs\one_cellular\catalog\view\theme\pav_flashshop\template\information\contact.tpl on line 164
2019-06-18 13:29:16 - PHP Notice:  Undefined index: g-recaptcha-response in C:\xampp\htdocs\one_cellular\catalog\controller\captcha\google_captcha.php on line 26
2019-06-18 13:29:16 - PHP Warning:  file_get_contents(): php_network_getaddresses: getaddrinfo failed: No such host is known.  in C:\xampp\htdocs\one_cellular\catalog\controller\captcha\google_captcha.php on line 26
2019-06-18 13:29:16 - PHP Warning:  file_get_contents(https://www.google.com/recaptcha/api/siteverify?secret=6LcTyAYTAAAAAFh2-uDzQ_2N-npBtZS1oZbXe31z&amp;response=&amp;remoteip=::1): failed to open stream: php_network_getaddresses: getaddrinfo failed: No such host is known.  in C:\xampp\htdocs\one_cellular\catalog\controller\captcha\google_captcha.php on line 26
2019-06-18 13:29:16 - PHP Notice:  Undefined variable: captcha in C:\xampp\htdocs\one_cellular\catalog\view\theme\pav_flashshop\template\information\contact.tpl on line 164
2019-06-18 13:29:54 - PHP Notice:  Undefined variable: captcha in C:\xampp\htdocs\one_cellular\catalog\view\theme\pav_flashshop\template\information\contact.tpl on line 164
2019-06-18 13:30:10 - PHP Notice:  Undefined variable: captcha in C:\xampp\htdocs\one_cellular\catalog\view\theme\pav_flashshop\template\information\contact.tpl on line 164
2019-06-18 13:30:19 - PHP Notice:  Undefined variable: captcha in C:\xampp\htdocs\one_cellular\catalog\view\theme\pav_flashshop\template\information\contact.tpl on line 164
2019-06-18 16:47:19 - PHP Warning:  Missing argument 2 for Cart\Currency::format(), called in C:\xampp\htdocs\one_cellular\system\pavothemes\widget\product_category.php on line 99 and defined in C:\xampp\htdocs\one_cellular\system\library\cart\currency.php on line 24
2019-06-18 16:47:19 - PHP Notice:  Undefined variable: currency in C:\xampp\htdocs\one_cellular\system\library\cart\currency.php on line 25
2019-06-18 16:47:19 - PHP Notice:  Undefined index:  in C:\xampp\htdocs\one_cellular\system\library\cart\currency.php on line 25
2019-06-18 16:47:19 - PHP Notice:  Undefined variable: currency in C:\xampp\htdocs\one_cellular\system\library\cart\currency.php on line 26
2019-06-18 16:47:19 - PHP Notice:  Undefined index:  in C:\xampp\htdocs\one_cellular\system\library\cart\currency.php on line 26
2019-06-18 16:47:19 - PHP Notice:  Undefined variable: currency in C:\xampp\htdocs\one_cellular\system\library\cart\currency.php on line 27
2019-06-18 16:47:19 - PHP Notice:  Undefined index:  in C:\xampp\htdocs\one_cellular\system\library\cart\currency.php on line 27
2019-06-18 16:47:19 - PHP Notice:  Undefined variable: currency in C:\xampp\htdocs\one_cellular\system\library\cart\currency.php on line 30
2019-06-18 16:47:19 - PHP Notice:  Undefined index:  in C:\xampp\htdocs\one_cellular\system\library\cart\currency.php on line 30
2019-06-18 16:47:19 - PHP Warning:  Missing argument 2 for Cart\Currency::format(), called in C:\xampp\htdocs\one_cellular\system\pavothemes\widget\product_category.php on line 111 and defined in C:\xampp\htdocs\one_cellular\system\library\cart\currency.php on line 24
2019-06-18 16:47:19 - PHP Notice:  Undefined variable: currency in C:\xampp\htdocs\one_cellular\system\library\cart\currency.php on line 25
2019-06-18 16:47:19 - PHP Notice:  Undefined index:  in C:\xampp\htdocs\one_cellular\system\library\cart\currency.php on line 25
2019-06-18 16:47:19 - PHP Notice:  Undefined variable: currency in C:\xampp\htdocs\one_cellular\system\library\cart\currency.php on line 26
2019-06-18 16:47:19 - PHP Notice:  Undefined index:  in C:\xampp\htdocs\one_cellular\system\library\cart\currency.php on line 26
2019-06-18 16:47:19 - PHP Notice:  Undefined variable: currency in C:\xampp\htdocs\one_cellular\system\library\cart\currency.php on line 27
2019-06-18 16:47:19 - PHP Notice:  Undefined index:  in C:\xampp\htdocs\one_cellular\system\library\cart\currency.php on line 27
2019-06-18 16:47:19 - PHP Notice:  Undefined variable: currency in C:\xampp\htdocs\one_cellular\system\library\cart\currency.php on line 30
2019-06-18 16:47:19 - PHP Notice:  Undefined index:  in C:\xampp\htdocs\one_cellular\system\library\cart\currency.php on line 30
2019-06-18 16:47:19 - PHP Warning:  Missing argument 2 for Cart\Currency::format(), called in C:\xampp\htdocs\one_cellular\system\pavothemes\widget\product_category.php on line 99 and defined in C:\xampp\htdocs\one_cellular\system\library\cart\currency.php on line 24
2019-06-18 16:47:19 - PHP Notice:  Undefined variable: currency in C:\xampp\htdocs\one_cellular\system\library\cart\currency.php on line 25
2019-06-18 16:47:19 - PHP Notice:  Undefined index:  in C:\xampp\htdocs\one_cellular\system\library\cart\currency.php on line 25
2019-06-18 16:47:19 - PHP Notice:  Undefined variable: currency in C:\xampp\htdocs\one_cellular\system\library\cart\currency.php on line 26
2019-06-18 16:47:19 - PHP Notice:  Undefined index:  in C:\xampp\htdocs\one_cellular\system\library\cart\currency.php on line 26
2019-06-18 16:47:19 - PHP Notice:  Undefined variable: currency in C:\xampp\htdocs\one_cellular\system\library\cart\currency.php on line 27
2019-06-18 16:47:19 - PHP Notice:  Undefined index:  in C:\xampp\htdocs\one_cellular\system\library\cart\currency.php on line 27
2019-06-18 16:47:19 - PHP Notice:  Undefined variable: currency in C:\xampp\htdocs\one_cellular\system\library\cart\currency.php on line 30
2019-06-18 16:47:19 - PHP Notice:  Undefined index:  in C:\xampp\htdocs\one_cellular\system\library\cart\currency.php on line 30
2019-06-18 16:47:19 - PHP Warning:  Missing argument 2 for Cart\Currency::format(), called in C:\xampp\htdocs\one_cellular\system\pavothemes\widget\product_category.php on line 105 and defined in C:\xampp\htdocs\one_cellular\system\library\cart\currency.php on line 24
2019-06-18 16:47:19 - PHP Notice:  Undefined variable: currency in C:\xampp\htdocs\one_cellular\system\library\cart\currency.php on line 25
2019-06-18 16:47:19 - PHP Notice:  Undefined index:  in C:\xampp\htdocs\one_cellular\system\library\cart\currency.php on line 25
2019-06-18 16:47:19 - PHP Notice:  Undefined variable: currency in C:\xampp\htdocs\one_cellular\system\library\cart\currency.php on line 26
2019-06-18 16:47:19 - PHP Notice:  Undefined index:  in C:\xampp\htdocs\one_cellular\system\library\cart\currency.php on line 26
2019-06-18 16:47:19 - PHP Notice:  Undefined variable: currency in C:\xampp\htdocs\one_cellular\system\library\cart\currency.php on line 27
2019-06-18 16:47:19 - PHP Notice:  Undefined index:  in C:\xampp\htdocs\one_cellular\system\library\cart\currency.php on line 27
2019-06-18 16:47:19 - PHP Notice:  Undefined variable: currency in C:\xampp\htdocs\one_cellular\system\library\cart\currency.php on line 30
2019-06-18 16:47:19 - PHP Notice:  Undefined index:  in C:\xampp\htdocs\one_cellular\system\library\cart\currency.php on line 30
2019-06-18 16:47:19 - PHP Warning:  Missing argument 2 for Cart\Currency::format(), called in C:\xampp\htdocs\one_cellular\system\pavothemes\widget\product_category.php on line 111 and defined in C:\xampp\htdocs\one_cellular\system\library\cart\currency.php on line 24
2019-06-18 16:47:19 - PHP Notice:  Undefined variable: currency in C:\xampp\htdocs\one_cellular\system\library\cart\currency.php on line 25
2019-06-18 16:47:19 - PHP Notice:  Undefined index:  in C:\xampp\htdocs\one_cellular\system\library\cart\currency.php on line 25
2019-06-18 16:47:19 - PHP Notice:  Undefined variable: currency in C:\xampp\htdocs\one_cellular\system\library\cart\currency.php on line 26
2019-06-18 16:47:19 - PHP Notice:  Undefined index:  in C:\xampp\htdocs\one_cellular\system\library\cart\currency.php on line 26
2019-06-18 16:47:19 - PHP Notice:  Undefined variable: currency in C:\xampp\htdocs\one_cellular\system\library\cart\currency.php on line 27
2019-06-18 16:47:19 - PHP Notice:  Undefined index:  in C:\xampp\htdocs\one_cellular\system\library\cart\currency.php on line 27
2019-06-18 16:47:19 - PHP Notice:  Undefined variable: currency in C:\xampp\htdocs\one_cellular\system\library\cart\currency.php on line 30
2019-06-18 16:47:19 - PHP Notice:  Undefined index:  in C:\xampp\htdocs\one_cellular\system\library\cart\currency.php on line 30
2019-06-18 16:47:19 - PHP Warning:  Missing argument 2 for Cart\Currency::format(), called in C:\xampp\htdocs\one_cellular\system\pavothemes\widget\product_category.php on line 99 and defined in C:\xampp\htdocs\one_cellular\system\library\cart\currency.php on line 24
2019-06-18 16:47:19 - PHP Notice:  Undefined variable: currency in C:\xampp\htdocs\one_cellular\system\library\cart\currency.php on line 25
2019-06-18 16:47:19 - PHP Notice:  Undefined index:  in C:\xampp\htdocs\one_cellular\system\library\cart\currency.php on line 25
2019-06-18 16:47:19 - PHP Notice:  Undefined variable: currency in C:\xampp\htdocs\one_cellular\system\library\cart\currency.php on line 26
2019-06-18 16:47:19 - PHP Notice:  Undefined index:  in C:\xampp\htdocs\one_cellular\system\library\cart\currency.php on line 26
2019-06-18 16:47:19 - PHP Notice:  Undefined variable: currency in C:\xampp\htdocs\one_cellular\system\library\cart\currency.php on line 27
2019-06-18 16:47:19 - PHP Notice:  Undefined index:  in C:\xampp\htdocs\one_cellular\system\library\cart\currency.php on line 27
2019-06-18 16:47:19 - PHP Notice:  Undefined variable: currency in C:\xampp\htdocs\one_cellular\system\library\cart\currency.php on line 30
2019-06-18 16:47:19 - PHP Notice:  Undefined index:  in C:\xampp\htdocs\one_cellular\system\library\cart\currency.php on line 30
2019-06-18 16:47:19 - PHP Warning:  Missing argument 2 for Cart\Currency::format(), called in C:\xampp\htdocs\one_cellular\system\pavothemes\widget\product_category.php on line 111 and defined in C:\xampp\htdocs\one_cellular\system\library\cart\currency.php on line 24
2019-06-18 16:47:19 - PHP Notice:  Undefined variable: currency in C:\xampp\htdocs\one_cellular\system\library\cart\currency.php on line 25
2019-06-18 16:47:19 - PHP Notice:  Undefined index:  in C:\xampp\htdocs\one_cellular\system\library\cart\currency.php on line 25
2019-06-18 16:47:19 - PHP Notice:  Undefined variable: currency in C:\xampp\htdocs\one_cellular\system\library\cart\currency.php on line 26
2019-06-18 16:47:19 - PHP Notice:  Undefined index:  in C:\xampp\htdocs\one_cellular\system\library\cart\currency.php on line 26
2019-06-18 16:47:19 - PHP Notice:  Undefined variable: currency in C:\xampp\htdocs\one_cellular\system\library\cart\currency.php on line 27
2019-06-18 16:47:19 - PHP Notice:  Undefined index:  in C:\xampp\htdocs\one_cellular\system\library\cart\currency.php on line 27
2019-06-18 16:47:19 - PHP Notice:  Undefined variable: currency in C:\xampp\htdocs\one_cellular\system\library\cart\currency.php on line 30
2019-06-18 16:47:19 - PHP Notice:  Undefined index:  in C:\xampp\htdocs\one_cellular\system\library\cart\currency.php on line 30
2019-06-18 16:47:19 - PHP Warning:  require(C:/xampp/htdocs/one_cellular/catalog/view/theme//template/common/product/default.tpl): failed to open stream: No such file or directory in C:\xampp\htdocs\one_cellular\catalog\view\theme\pav_flashshop\template\module\pavverticalmenu\widgets\product_category.tpl on line 32
2019-06-18 16:49:07 - PHP Warning:  Missing argument 2 for Cart\Currency::format(), called in C:\xampp\htdocs\one_cellular\system\pavothemes\widget\product_category.php on line 99 and defined in C:\xampp\htdocs\one_cellular\system\library\cart\currency.php on line 24
2019-06-18 16:49:07 - PHP Notice:  Undefined variable: currency in C:\xampp\htdocs\one_cellular\system\library\cart\currency.php on line 25
2019-06-18 16:49:07 - PHP Notice:  Undefined index:  in C:\xampp\htdocs\one_cellular\system\library\cart\currency.php on line 25
2019-06-18 16:49:07 - PHP Notice:  Undefined variable: currency in C:\xampp\htdocs\one_cellular\system\library\cart\currency.php on line 26
2019-06-18 16:49:07 - PHP Notice:  Undefined index:  in C:\xampp\htdocs\one_cellular\system\library\cart\currency.php on line 26
2019-06-18 16:49:07 - PHP Notice:  Undefined variable: currency in C:\xampp\htdocs\one_cellular\system\library\cart\currency.php on line 27
2019-06-18 16:49:07 - PHP Notice:  Undefined index:  in C:\xampp\htdocs\one_cellular\system\library\cart\currency.php on line 27
2019-06-18 16:49:07 - PHP Notice:  Undefined variable: currency in C:\xampp\htdocs\one_cellular\system\library\cart\currency.php on line 30
2019-06-18 16:49:07 - PHP Notice:  Undefined index:  in C:\xampp\htdocs\one_cellular\system\library\cart\currency.php on line 30
2019-06-18 16:49:07 - PHP Warning:  Missing argument 2 for Cart\Currency::format(), called in C:\xampp\htdocs\one_cellular\system\pavothemes\widget\product_category.php on line 111 and defined in C:\xampp\htdocs\one_cellular\system\library\cart\currency.php on line 24
2019-06-18 16:49:07 - PHP Notice:  Undefined variable: currency in C:\xampp\htdocs\one_cellular\system\library\cart\currency.php on line 25
2019-06-18 16:49:07 - PHP Notice:  Undefined index:  in C:\xampp\htdocs\one_cellular\system\library\cart\currency.php on line 25
2019-06-18 16:49:07 - PHP Notice:  Undefined variable: currency in C:\xampp\htdocs\one_cellular\system\library\cart\currency.php on line 26
2019-06-18 16:49:07 - PHP Notice:  Undefined index:  in C:\xampp\htdocs\one_cellular\system\library\cart\currency.php on line 26
2019-06-18 16:49:07 - PHP Notice:  Undefined variable: currency in C:\xampp\htdocs\one_cellular\system\library\cart\currency.php on line 27
2019-06-18 16:49:07 - PHP Notice:  Undefined index:  in C:\xampp\htdocs\one_cellular\system\library\cart\currency.php on line 27
2019-06-18 16:49:07 - PHP Notice:  Undefined variable: currency in C:\xampp\htdocs\one_cellular\system\library\cart\currency.php on line 30
2019-06-18 16:49:07 - PHP Notice:  Undefined index:  in C:\xampp\htdocs\one_cellular\system\library\cart\currency.php on line 30
2019-06-18 16:49:07 - PHP Warning:  Missing argument 2 for Cart\Currency::format(), called in C:\xampp\htdocs\one_cellular\system\pavothemes\widget\product_category.php on line 99 and defined in C:\xampp\htdocs\one_cellular\system\library\cart\currency.php on line 24
2019-06-18 16:49:07 - PHP Notice:  Undefined variable: currency in C:\xampp\htdocs\one_cellular\system\library\cart\currency.php on line 25
2019-06-18 16:49:07 - PHP Notice:  Undefined index:  in C:\xampp\htdocs\one_cellular\system\library\cart\currency.php on line 25
2019-06-18 16:49:07 - PHP Notice:  Undefined variable: currency in C:\xampp\htdocs\one_cellular\system\library\cart\currency.php on line 26
2019-06-18 16:49:07 - PHP Notice:  Undefined index:  in C:\xampp\htdocs\one_cellular\system\library\cart\currency.php on line 26
2019-06-18 16:49:07 - PHP Notice:  Undefined variable: currency in C:\xampp\htdocs\one_cellular\system\library\cart\currency.php on line 27
2019-06-18 16:49:07 - PHP Notice:  Undefined index:  in C:\xampp\htdocs\one_cellular\system\library\cart\currency.php on line 27
2019-06-18 16:49:07 - PHP Notice:  Undefined variable: currency in C:\xampp\htdocs\one_cellular\system\library\cart\currency.php on line 30
2019-06-18 16:49:07 - PHP Notice:  Undefined index:  in C:\xampp\htdocs\one_cellular\system\library\cart\currency.php on line 30
2019-06-18 16:49:07 - PHP Warning:  Missing argument 2 for Cart\Currency::format(), called in C:\xampp\htdocs\one_cellular\system\pavothemes\widget\product_category.php on line 111 and defined in C:\xampp\htdocs\one_cellular\system\library\cart\currency.php on line 24
2019-06-18 16:49:07 - PHP Notice:  Undefined variable: currency in C:\xampp\htdocs\one_cellular\system\library\cart\currency.php on line 25
2019-06-18 16:49:07 - PHP Notice:  Undefined index:  in C:\xampp\htdocs\one_cellular\system\library\cart\currency.php on line 25
2019-06-18 16:49:07 - PHP Notice:  Undefined variable: currency in C:\xampp\htdocs\one_cellular\system\library\cart\currency.php on line 26
2019-06-18 16:49:07 - PHP Notice:  Undefined index:  in C:\xampp\htdocs\one_cellular\system\library\cart\currency.php on line 26
2019-06-18 16:49:07 - PHP Notice:  Undefined variable: currency in C:\xampp\htdocs\one_cellular\system\library\cart\currency.php on line 27
2019-06-18 16:49:07 - PHP Notice:  Undefined index:  in C:\xampp\htdocs\one_cellular\system\library\cart\currency.php on line 27
2019-06-18 16:49:07 - PHP Notice:  Undefined variable: currency in C:\xampp\htdocs\one_cellular\system\library\cart\currency.php on line 30
2019-06-18 16:49:07 - PHP Notice:  Undefined index:  in C:\xampp\htdocs\one_cellular\system\library\cart\currency.php on line 30
2019-06-18 16:49:07 - PHP Warning:  Missing argument 2 for Cart\Currency::format(), called in C:\xampp\htdocs\one_cellular\system\pavothemes\widget\product_category.php on line 99 and defined in C:\xampp\htdocs\one_cellular\system\library\cart\currency.php on line 24
2019-06-18 16:49:07 - PHP Notice:  Undefined variable: currency in C:\xampp\htdocs\one_cellular\system\library\cart\currency.php on line 25
2019-06-18 16:49:07 - PHP Notice:  Undefined index:  in C:\xampp\htdocs\one_cellular\system\library\cart\currency.php on line 25
2019-06-18 16:49:07 - PHP Notice:  Undefined variable: currency in C:\xampp\htdocs\one_cellular\system\library\cart\currency.php on line 26
2019-06-18 16:49:07 - PHP Notice:  Undefined index:  in C:\xampp\htdocs\one_cellular\system\library\cart\currency.php on line 26
2019-06-18 16:49:07 - PHP Notice:  Undefined variable: currency in C:\xampp\htdocs\one_cellular\system\library\cart\currency.php on line 27
2019-06-18 16:49:07 - PHP Notice:  Undefined index:  in C:\xampp\htdocs\one_cellular\system\library\cart\currency.php on line 27
2019-06-18 16:49:07 - PHP Notice:  Undefined variable: currency in C:\xampp\htdocs\one_cellular\system\library\cart\currency.php on line 30
2019-06-18 16:49:07 - PHP Notice:  Undefined index:  in C:\xampp\htdocs\one_cellular\system\library\cart\currency.php on line 30
2019-06-18 16:49:07 - PHP Warning:  Missing argument 2 for Cart\Currency::format(), called in C:\xampp\htdocs\one_cellular\system\pavothemes\widget\product_category.php on line 111 and defined in C:\xampp\htdocs\one_cellular\system\library\cart\currency.php on line 24
2019-06-18 16:49:07 - PHP Notice:  Undefined variable: currency in C:\xampp\htdocs\one_cellular\system\library\cart\currency.php on line 25
2019-06-18 16:49:07 - PHP Notice:  Undefined index:  in C:\xampp\htdocs\one_cellular\system\library\cart\currency.php on line 25
2019-06-18 16:49:07 - PHP Notice:  Undefined variable: currency in C:\xampp\htdocs\one_cellular\system\library\cart\currency.php on line 26
2019-06-18 16:49:07 - PHP Notice:  Undefined index:  in C:\xampp\htdocs\one_cellular\system\library\cart\currency.php on line 26
2019-06-18 16:49:07 - PHP Notice:  Undefined variable: currency in C:\xampp\htdocs\one_cellular\system\library\cart\currency.php on line 27
2019-06-18 16:49:07 - PHP Notice:  Undefined index:  in C:\xampp\htdocs\one_cellular\system\library\cart\currency.php on line 27
2019-06-18 16:49:07 - PHP Notice:  Undefined variable: currency in C:\xampp\htdocs\one_cellular\system\library\cart\currency.php on line 30
2019-06-18 16:49:07 - PHP Notice:  Undefined index:  in C:\xampp\htdocs\one_cellular\system\library\cart\currency.php on line 30
2019-06-18 16:49:07 - PHP Warning:  require(C:/xampp/htdocs/one_cellular/catalog/view/theme//template/common/product/default.tpl): failed to open stream: No such file or directory in C:\xampp\htdocs\one_cellular\catalog\view\theme\pav_flashshop\template\module\pavverticalmenu\widgets\product_category.tpl on line 32
2019-06-18 17:00:38 - PHP Warning:  mail(): Failed to connect to mailserver at &quot;localhost&quot; port 25, verify your &quot;SMTP&quot; and &quot;smtp_port&quot; setting in php.ini or use ini_set() in C:\xampp\htdocs\one_cellular\system\library\mail.php on line 158
2019-06-18 17:02:59 - PHP Warning:  mail(): Failed to connect to mailserver at &quot;localhost&quot; port 25, verify your &quot;SMTP&quot; and &quot;smtp_port&quot; setting in php.ini or use ini_set() in C:\xampp\htdocs\one_cellular\system\library\mail.php on line 158
2019-06-19 6:31:14 - PHP Warning:  mail(): Failed to connect to mailserver at &quot;localhost&quot; port 25, verify your &quot;SMTP&quot; and &quot;smtp_port&quot; setting in php.ini or use ini_set() in C:\xampp\htdocs\one_cellular\system\library\mail.php on line 158
2019-06-27 15:11:03 - PHP Notice:  Undefined variable: captcha in C:\xampp\htdocs\one_cellular\catalog\view\theme\pav_flashshop\template\information\contact.tpl on line 164
2019-07-07 5:14:52 - PHP Notice:  Undefined variable: captcha in C:\xampp\htdocs\one_cellular\catalog\view\theme\pav_flashshop\template\information\contact.tpl on line 164
2019-07-07 14:26:02 - PHP Notice:  Undefined variable: captcha in C:\xampp\htdocs\one_cellular\catalog\view\theme\pav_flashshop\template\information\contact.tpl on line 164
2019-07-16 9:43:14 - PHP Notice:  Undefined variable: captcha in C:\xampp\htdocs\one_cellular\catalog\view\theme\pav_flashshop\template\information\contact.tpl on line 164
